0 info it worked if it ends with ok
1 verbose cli [ '/usr/bin/nodejs', '/usr/bin/npm', 'install', '-g', 'chai' ]
2 info using npm@1.3.10
3 info using node@v0.10.25
4 verbose cache add [ 'chai', null ]
5 verbose cache add name=undefined spec="chai" args=["chai",null]
6 verbose parsed url { protocol: null,
6 verbose parsed url   slashes: null,
6 verbose parsed url   auth: null,
6 verbose parsed url   host: null,
6 verbose parsed url   port: null,
6 verbose parsed url   hostname: null,
6 verbose parsed url   hash: null,
6 verbose parsed url   search: null,
6 verbose parsed url   query: null,
6 verbose parsed url   pathname: 'chai',
6 verbose parsed url   path: 'chai',
6 verbose parsed url   href: 'chai' }
7 silly lockFile 353fd541-chai chai
8 verbose lock chai /home/adrian/.npm/353fd541-chai.lock
9 silly lockFile 353fd541-chai chai
10 silly lockFile 353fd541-chai chai
11 verbose addNamed [ 'chai', '' ]
12 verbose addNamed [ null, '*' ]
13 silly lockFile 583c5f63-chai chai@
14 verbose lock chai@ /home/adrian/.npm/583c5f63-chai.lock
15 silly addNameRange { name: 'chai', range: '*', hasData: false }
16 verbose url raw chai
17 verbose url resolving [ 'https://registry.npmjs.org/', './chai' ]
18 verbose url resolved https://registry.npmjs.org/chai
19 info trying registry request attempt 1 at 23:56:54
20 verbose etag "DCL9CZ5UX3IH5RJZC70BIH2CT"
21 http GET https://registry.npmjs.org/chai
22 http 304 https://registry.npmjs.org/chai
23 silly registry.get cb [ 304,
23 silly registry.get   { date: 'Wed, 16 Mar 2016 23:56:54 GMT',
23 silly registry.get     via: '1.1 varnish',
23 silly registry.get     'cache-control': 'max-age=300',
23 silly registry.get     etag: '"DCL9CZ5UX3IH5RJZC70BIH2CT"',
23 silly registry.get     age: '66',
23 silly registry.get     connection: 'keep-alive',
23 silly registry.get     'x-served-by': 'cache-lhr6322-LHR',
23 silly registry.get     'x-cache': 'HIT',
23 silly registry.get     'x-cache-hits': '1',
23 silly registry.get     'x-timer': 'S1458172614.829391,VS0,VE0',
23 silly registry.get     vary: 'Accept' } ]
24 verbose etag chai from cache
25 silly addNameRange number 2 { name: 'chai', range: '*', hasData: true }
26 silly addNameRange versions [ 'chai',
26 silly addNameRange   [ '0.0.1',
26 silly addNameRange     '0.0.2',
26 silly addNameRange     '0.1.0',
26 silly addNameRange     '0.1.1',
26 silly addNameRange     '0.1.2',
26 silly addNameRange     '0.1.3',
26 silly addNameRange     '0.1.4',
26 silly addNameRange     '0.1.5',
26 silly addNameRange     '0.1.6',
26 silly addNameRange     '0.1.7',
26 silly addNameRange     '0.2.0',
26 silly addNameRange     '0.2.1',
26 silly addNameRange     '0.2.2',
26 silly addNameRange     '0.2.3',
26 silly addNameRange     '0.2.4',
26 silly addNameRange     '0.3.0',
26 silly addNameRange     '0.3.1',
26 silly addNameRange     '0.3.2',
26 silly addNameRange     '0.3.3',
26 silly addNameRange     '0.3.4',
26 silly addNameRange     '0.4.0',
26 silly addNameRange     '0.4.1',
26 silly addNameRange     '0.4.2',
26 silly addNameRange     '0.5.0',
26 silly addNameRange     '0.5.1',
26 silly addNameRange     '0.5.2',
26 silly addNameRange     '0.5.3',
26 silly addNameRange     '1.0.0',
26 silly addNameRange     '1.0.1',
26 silly addNameRange     '1.0.2',
26 silly addNameRange     '1.0.3',
26 silly addNameRange     '1.0.4',
26 silly addNameRange     '1.1.0',
26 silly addNameRange     '1.1.1',
26 silly addNameRange     '1.2.0',
26 silly addNameRange     '1.3.0',
26 silly addNameRange     '1.4.0',
26 silly addNameRange     '1.4.1',
26 silly addNameRange     '1.4.2',
26 silly addNameRange     '1.5.0',
26 silly addNameRange     '1.6.0',
26 silly addNameRange     '1.6.1',
26 silly addNameRange     '1.7.0',
26 silly addNameRange     '1.7.1',
26 silly addNameRange     '1.7.2',
26 silly addNameRange     '1.8.0',
26 silly addNameRange     '1.8.1',
26 silly addNameRange     '1.9.0',
26 silly addNameRange     '1.9.1',
26 silly addNameRange     '1.9.2',
26 silly addNameRange     '1.10.0',
26 silly addNameRange     '2.0.0',
26 silly addNameRange     '2.1.0',
26 silly addNameRange     '2.1.1',
26 silly addNameRange     '2.1.2',
26 silly addNameRange     '2.2.0',
26 silly addNameRange     '2.3.0',
26 silly addNameRange     '3.0.0',
26 silly addNameRange     '3.1.0',
26 silly addNameRange     '3.2.0',
26 silly addNameRange     '3.3.0',
26 silly addNameRange     '3.4.0',
26 silly addNameRange     '3.4.1',
26 silly addNameRange     '3.5.0' ] ]
27 verbose addNamed [ 'chai', '3.5.0' ]
28 verbose addNamed [ '3.5.0', '3.5.0' ]
29 silly lockFile e20a0303-chai-3-5-0 chai@3.5.0
30 verbose lock chai@3.5.0 /home/adrian/.npm/e20a0303-chai-3-5-0.lock
31 silly lockFile e20a0303-chai-3-5-0 chai@3.5.0
32 silly lockFile e20a0303-chai-3-5-0 chai@3.5.0
33 silly lockFile 583c5f63-chai chai@
34 silly lockFile 583c5f63-chai chai@
35 silly resolved [ { author: { name: 'Jake Luer', email: 'jake@alogicalparadox.com' },
35 silly resolved     name: 'chai',
35 silly resolved     description: 'BDD/TDD assertion library for node.js and the browser. Test framework agnostic.',
35 silly resolved     keywords: [ 'test', 'assertion', 'assert', 'testing', 'chai' ],
35 silly resolved     homepage: 'http://chaijs.com',
35 silly resolved     license: 'MIT',
35 silly resolved     contributors: [ [Object], [Object], [Object], [Object] ],
35 silly resolved     version: '3.5.0',
35 silly resolved     repository: { type: 'git', url: 'https://github.com/chaijs/chai' },
35 silly resolved     bugs: { url: 'https://github.com/chaijs/chai/issues' },
35 silly resolved     main: './index',
35 silly resolved     scripts: { test: 'make test' },
35 silly resolved     engines: { node: '>= 0.4.0' },
35 silly resolved     dependencies:
35 silly resolved      { 'assertion-error': '^1.0.1',
35 silly resolved        'deep-eql': '^0.1.3',
35 silly resolved        'type-detect': '^1.0.0' },
35 silly resolved     devDependencies:
35 silly resolved      { browserify: '^10.2.1',
35 silly resolved        'bump-cli': '^1.1.3',
35 silly resolved        karma: '^0.13.16',
35 silly resolved        'karma-mocha': '^0.1.10',
35 silly resolved        'karma-sauce-launcher': '^0.2.11',
35 silly resolved        'karma-phantomjs-launcher': '^0.2.0',
35 silly resolved        'karma-firefox-launcher': '^0.1.6',
35 silly resolved        mocha: '^2.2.5',
35 silly resolved        istanbul: '^0.3.14' },
35 silly resolved     readme: '[![Chai Documentation](http://chaijs.com/public/img/chai-logo.png)](http://chaijs.com)\n\n[![license:mit](https://img.shields.io/badge/license-mit-green.svg?style=flat-square)](#license)<br>\n[![tag:?](https://img.shields.io/github/tag/chaijs/chai.svg?style=flat-square)](https://github.com/chaijs/chai/releases)\n[![build:?](https://img.shields.io/travis/chaijs/chai/master.svg?style=flat-square)](https://travis-ci.org/chaijs/chai)\n[![coverage:?](https://img.shields.io/coveralls/chaijs/chai/master.svg?style=flat-square)](https://coveralls.io/r/chaijs/chai)<br>\n[![npm:](https://img.shields.io/npm/v/chai.svg?style=flat-square)](https://www.npmjs.com/packages/chai)\n[![dependencies:?](https://img.shields.io/npm/dm/chai.svg?style=flat-square)](https://www.npmjs.com/packages/chai)\n[![devDependencies:?](https://img.shields.io/david/chaijs/chai.svg?style=flat-square)](https://david-dm.org/chaijs/chai)\n\n[![Selenium Test Status](https://saucelabs.com/browser-matrix/chaijs.svg)](https://saucelabs.com/u/chaijs)\n\n[![Slack Status](https://chai-slack.herokuapp.com/badge.svg)]( https://chai-slack.herokuapp.com/)\n[![Join the chat at https://gitter.im/chaijs/chai](https://badges.gitter.im/Join%20Chat.svg)](https://gitter.im/chaijs/chai)\n\nChai is a BDD / TDD assertion library for [node](http://nodejs.org) and the browser that\ncan be delightfully paired with any javascript testing framework.\n\nFor more information or to download plugins, view the [documentation](http://chaijs.com).\n\n### Plugins\n\nChai offers a robust Plugin architecture for extending Chai\'s assertions and interfaces.\n\n- Need a plugin? View the [official plugin list](http://chaijs.com/plugins).\n- Have a plugin and want it listed? Open a Pull Request at [chaijs/chai-docs:plugin.js](https://github.com/chaijs/chai-docs/blob/master/plugins.js#L1-L12).\n- Want to build a plugin? Read the [plugin api documentation](http://chaijs.com/guide/plugins/).\n\n### Related Projects\n\n- [chaijs / assertion-error](https://github.com/chaijs/assertion-error): Custom `Error` constructor thrown upon an assertion failing.\n- [chaijs / deep-eql](https://github.com/chaijs/deep-eql): Improved deep equality testing for Node.js and the browser.\n- [chaijs / type-detect](https://github.com/chaijs/type-detect): Improved typeof detection for node.js and the browser.\n\n### Contributing\n\nThank you very much for considering to contribute!\n\nHere are a few issues other contributors frequently ran into when opening pull requests:\n\n- Please do not commit changes to the `chai.js` build. We do it once per release.\n- Before pushing your commits, please make sure you [rebase](https://github.com/chaijs/chai/blob/master/CONTRIBUTING.md#pull-requests) them.\n\nWe also strongly encourage you to read our detailed [contribution guidelines](https://github.com/chaijs/chai/blob/master/CONTRIBUTING.md).\n\n### Contributors\n\nPlease see the full\n[Contributors Graph](https://github.com/chaijs/chai/graphs/contributors) for our\nlist of contributors.\n\n### Core Contributors\n\nFeel free to reach out to any of the core contributors with your questions or\nconcerns. We will do our best to respond in a timely manner.\n\n[![Jake Luer](https://avatars3.githubusercontent.com/u/58988?v=3&s=50)](https://github.com/logicalparadox)\n[![Veselin Todorov](https://avatars3.githubusercontent.com/u/330048?v=3&s=50)](https://github.com/vesln)\n[![Keith Cirkel](https://avatars3.githubusercontent.com/u/118266?v=3&s=50)](https://github.com/keithamus)\n\n## License\n\n(The MIT License)\n\nCopyright (c) 2011-2015 Jake Luer <jake@alogicalparadox.com>\n\nPermission is hereby granted, free of charge, to any person obtaining a copy\nof this software and associated documentation files (the "Software"), to deal\nin the Software without restriction, including without limitation the rights\nto use, copy, modify, merge, publish, distribute, sublicense, and/or sell\ncopies of the Software, and to permit persons to whom the Software is\nfurnished to do so, subject to the following conditions:\n\nThe above copyright notice and this permission notice shall be included in\nall copies or substantial portions of the Software.\n\nTHE SOFTWARE IS PROVIDED "AS IS", WITHOUT WARRANTY OF ANY KIND, EXPRESS OR\nIMPLIED, INCLUDING BUT NOT LIMITED TO THE WARRANTIES OF MERCHANTABILITY,\nFITNESS FOR A PARTICULAR PURPOSE AND NONINFRINGEMENT. IN NO EVENT SHALL THE\nAUTHORS OR COPYRIGHT HOLDERS BE LIABLE FOR ANY CLAIM, DAMAGES OR OTHER\nLIABILITY, WHETHER IN AN ACTION OF CONTRACT, TORT OR OTHERWISE, ARISING FROM,\nOUT OF OR IN CONNECTION WITH THE SOFTWARE OR THE USE OR OTHER DEALINGS IN\nTHE SOFTWARE.\n',
35 silly resolved     readmeFilename: 'README.md',
35 silly resolved     _id: 'chai@3.5.0',
35 silly resolved     _from: 'chai@' } ]
36 info install chai@3.5.0 into /usr/local/lib
37 info installOne chai@3.5.0
38 info /usr/local/lib/node_modules/chai unbuild
39 verbose tar unpack /home/adrian/.npm/chai/3.5.0/package.tgz
40 silly lockFile 5ccb9df2--usr-local-lib-node-modules-chai tar:///usr/local/lib/node_modules/chai
41 verbose lock tar:///usr/local/lib/node_modules/chai /home/adrian/.npm/5ccb9df2--usr-local-lib-node-modules-chai.lock
42 silly lockFile 58edf3a1-drian-npm-chai-3-5-0-package-tgz tar:///home/adrian/.npm/chai/3.5.0/package.tgz
43 verbose lock tar:///home/adrian/.npm/chai/3.5.0/package.tgz /home/adrian/.npm/58edf3a1-drian-npm-chai-3-5-0-package-tgz.lock
44 silly gunzTarPerm modes [ '755', '644' ]
45 error Error: EACCES, mkdir '/usr/local/lib/node_modules/chai'
45 error  { [Error: EACCES, mkdir '/usr/local/lib/node_modules/chai']
45 error   errno: 3,
45 error   code: 'EACCES',
45 error   path: '/usr/local/lib/node_modules/chai',
45 error   fstream_type: 'Directory',
45 error   fstream_path: '/usr/local/lib/node_modules/chai',
45 error   fstream_class: 'DirWriter',
45 error   fstream_stack:
45 error    [ '/usr/lib/nodejs/fstream/lib/dir-writer.js:36:23',
45 error      '/usr/lib/nodejs/mkdirp/index.js:37:53',
45 error      'Object.oncomplete (fs.js:107:15)' ] }
46 error Please try running this command again as root/Administrator.
47 error System Linux 3.13.0-83-generic
48 error command "/usr/bin/nodejs" "/usr/bin/npm" "install" "-g" "chai"
49 error cwd /home/adrian/Escritorio/PL-MOCHACHAI/Mocha-y-Chai
50 error node -v v0.10.25
51 error npm -v 1.3.10
52 error path /usr/local/lib/node_modules/chai
53 error fstream_path /usr/local/lib/node_modules/chai
54 error fstream_type Directory
55 error fstream_class DirWriter
56 error code EACCES
57 error errno 3
58 error stack Error: EACCES, mkdir '/usr/local/lib/node_modules/chai'
59 error fstream_stack /usr/lib/nodejs/fstream/lib/dir-writer.js:36:23
59 error fstream_stack /usr/lib/nodejs/mkdirp/index.js:37:53
59 error fstream_stack Object.oncomplete (fs.js:107:15)
60 verbose exit [ 3, true ]
